{"C:\\Users\\youco\\Desktop\\TrackTruck\\backend\\controllers\\authController.js": {"path":"C:\\Users\\youco\\Desktop\\TrackTruck\\backend\\controllers\\authController.js","statementMap":{"0":{"start":{"line":5,"column":22},"end":{"line":9,"column":1}},"1":{"start":{"line":6,"column":2},"end":{"line":8,"column":5}},"2":{"start":{"line":11,"column":24},"end":{"line":46,"column":1}},"3":{"start":{"line":12,"column":2},"end":{"line":45,"column":3}},"4":{"start":{"line":13,"column":44},"end":{"line":13,"column":52}},"5":{"start":{"line":15,"column":25},"end":{"line":15,"column":54}},"6":{"start":{"line":16,"column":4},"end":{"line":18,"column":5}},"7":{"start":{"line":17,"column":6},"end":{"line":17,"column":68}},"8":{"start":{"line":20,"column":27},"end":{"line":20,"column":58}},"9":{"start":{"line":22,"column":17},"end":{"line":27,"column":6}},"10":{"start":{"line":29,"column":4},"end":{"line":29,"column":22}},"11":{"start":{"line":31,"column":18},"end":{"line":31,"column":52}},"12":{"start":{"line":33,"column":4},"end":{"line":42,"column":7}},"13":{"start":{"line":44,"column":4},"end":{"line":44,"column":51}},"14":{"start":{"line":48,"column":21},"end":{"line":77,"column":1}},"15":{"start":{"line":49,"column":2},"end":{"line":76,"column":3}},"16":{"start":{"line":50,"column":32},"end":{"line":50,"column":40}},"17":{"start":{"line":52,"column":17},"end":{"line":52,"column":46}},"18":{"start":{"line":53,"column":4},"end":{"line":55,"column":5}},"19":{"start":{"line":54,"column":6},"end":{"line":54,"column":68}},"20":{"start":{"line":57,"column":20},"end":{"line":57,"column":65}},"21":{"start":{"line":58,"column":4},"end":{"line":60,"column":5}},"22":{"start":{"line":59,"column":6},"end":{"line":59,"column":68}},"23":{"start":{"line":62,"column":18},"end":{"line":62,"column":52}},"24":{"start":{"line":64,"column":4},"end":{"line":73,"column":7}},"25":{"start":{"line":75,"column":4},"end":{"line":75,"column":51}},"26":{"start":{"line":80,"column":26},"end":{"line":90,"column":1}},"27":{"start":{"line":81,"column":2},"end":{"line":89,"column":3}},"28":{"start":{"line":82,"column":20},"end":{"line":82,"column":76}},"29":{"start":{"line":83,"column":4},"end":{"line":86,"column":7}},"30":{"start":{"line":88,"column":4},"end":{"line":88,"column":51}}},"fnMap":{"0":{"name":"(anonymous_0)","decl":{"start":{"line":5,"column":22},"end":{"line":5,"column":23}},"loc":{"start":{"line":5,"column":44},"end":{"line":9,"column":1}},"line":5},"1":{"name":"(anonymous_1)","decl":{"start":{"line":11,"column":24},"end":{"line":11,"column":25}},"loc":{"start":{"line":11,"column":44},"end":{"line":46,"column":1}},"line":11},"2":{"name":"(anonymous_2)","decl":{"start":{"line":48,"column":21},"end":{"line":48,"column":22}},"loc":{"start":{"line":48,"column":41},"end":{"line":77,"column":1}},"line":48},"3":{"name":"(anonymous_3)","decl":{"start":{"line":80,"column":26},"end":{"line":80,"column":27}},"loc":{"start":{"line":80,"column":46},"end":{"line":90,"column":1}},"line":80}},"branchMap":{"0":{"loc":{"start":{"line":16,"column":4},"end":{"line":18,"column":5}},"type":"if","locations":[{"start":{"line":16,"column":4},"end":{"line":18,"column":5}},{"start":{},"end":{}}],"line":16},"1":{"loc":{"start":{"line":25,"column":12},"end":{"line":25,"column":28}},"type":"binary-expr","locations":[{"start":{"line":25,"column":12},"end":{"line":25,"column":16}},{"start":{"line":25,"column":20},"end":{"line":25,"column":28}}],"line":25},"2":{"loc":{"start":{"line":53,"column":4},"end":{"line":55,"column":5}},"type":"if","locations":[{"start":{"line":53,"column":4},"end":{"line":55,"column":5}},{"start":{},"end":{}}],"line":53},"3":{"loc":{"start":{"line":58,"column":4},"end":{"line":60,"column":5}},"type":"if","locations":[{"start":{"line":58,"column":4},"end":{"line":60,"column":5}},{"start":{},"end":{}}],"line":58}},"s":{"0":1,"1":2,"2":1,"3":3,"4":3,"5":3,"6":2,"7":1,"8":1,"9":1,"10":1,"11":1,"12":1,"13":1,"14":1,"15":3,"16":3,"17":3,"18":2,"19":1,"20":1,"21":1,"22":0,"23":1,"24":1,"25":1,"26":1,"27":2,"28":2,"29":1,"30":1},"f":{"0":2,"1":3,"2":3,"3":2},"b":{"0":[1,1],"1":[1,1],"2":[1,1],"3":[0,1]},"inputSourceMap":null,"_coverageSchema":"1a1c01bbd47fc00a2c39e90264f33305004495a9","hash":"55de7b72ca6a9ec1b277f945f3be10a23b6e7049"}
,"C:\\Users\\youco\\Desktop\\TrackTruck\\backend\\controllers\\tireController.js": {"path":"C:\\Users\\youco\\Desktop\\TrackTruck\\backend\\controllers\\tireController.js","statementMap":{"0":{"start":{"line":4,"column":26},"end":{"line":35,"column":1}},"1":{"start":{"line":5,"column":2},"end":{"line":34,"column":3}},"2":{"start":{"line":13,"column":8},"end":{"line":13,"column":16}},"3":{"start":{"line":15,"column":18},"end":{"line":15,"column":46}},"4":{"start":{"line":16,"column":4},"end":{"line":18,"column":5}},"5":{"start":{"line":17,"column":6},"end":{"line":17,"column":66}},"6":{"start":{"line":19,"column":17},"end":{"line":26,"column":6}},"7":{"start":{"line":27,"column":4},"end":{"line":27,"column":22}},"8":{"start":{"line":28,"column":4},"end":{"line":31,"column":7}},"9":{"start":{"line":33,"column":4},"end":{"line":33,"column":51}},"10":{"start":{"line":37,"column":26},"end":{"line":55,"column":1}},"11":{"start":{"line":38,"column":2},"end":{"line":54,"column":3}},"12":{"start":{"line":39,"column":30},"end":{"line":39,"column":38}},"13":{"start":{"line":40,"column":17},"end":{"line":44,"column":50}},"14":{"start":{"line":45,"column":4},"end":{"line":47,"column":5}},"15":{"start":{"line":46,"column":6},"end":{"line":46,"column":64}},"16":{"start":{"line":48,"column":4},"end":{"line":51,"column":7}},"17":{"start":{"line":53,"column":4},"end":{"line":53,"column":51}},"18":{"start":{"line":57,"column":26},"end":{"line":70,"column":1}},"19":{"start":{"line":58,"column":2},"end":{"line":69,"column":3}},"20":{"start":{"line":59,"column":17},"end":{"line":59,"column":60}},"21":{"start":{"line":60,"column":4},"end":{"line":62,"column":5}},"22":{"start":{"line":61,"column":6},"end":{"line":61,"column":64}},"23":{"start":{"line":63,"column":4},"end":{"line":66,"column":7}},"24":{"start":{"line":68,"column":4},"end":{"line":68,"column":51}},"25":{"start":{"line":72,"column":27},"end":{"line":88,"column":1}},"26":{"start":{"line":73,"column":2},"end":{"line":87,"column":3}},"27":{"start":{"line":74,"column":31},"end":{"line":74,"column":40}},"28":{"start":{"line":75,"column":19},"end":{"line":75,"column":21}},"29":{"start":{"line":76,"column":4},"end":{"line":76,"column":39}},"30":{"start":{"line":76,"column":16},"end":{"line":76,"column":39}},"31":{"start":{"line":77,"column":4},"end":{"line":77,"column":39}},"32":{"start":{"line":77,"column":16},"end":{"line":77,"column":39}},"33":{"start":{"line":78,"column":18},"end":{"line":80,"column":30}},"34":{"start":{"line":81,"column":4},"end":{"line":84,"column":7}},"35":{"start":{"line":86,"column":4},"end":{"line":86,"column":51}}},"fnMap":{"0":{"name":"(anonymous_0)","decl":{"start":{"line":4,"column":26},"end":{"line":4,"column":27}},"loc":{"start":{"line":4,"column":46},"end":{"line":35,"column":1}},"line":4},"1":{"name":"(anonymous_1)","decl":{"start":{"line":37,"column":26},"end":{"line":37,"column":27}},"loc":{"start":{"line":37,"column":46},"end":{"line":55,"column":1}},"line":37},"2":{"name":"(anonymous_2)","decl":{"start":{"line":57,"column":26},"end":{"line":57,"column":27}},"loc":{"start":{"line":57,"column":46},"end":{"line":70,"column":1}},"line":57},"3":{"name":"(anonymous_3)","decl":{"start":{"line":72,"column":27},"end":{"line":72,"column":28}},"loc":{"start":{"line":72,"column":47},"end":{"line":88,"column":1}},"line":72}},"branchMap":{"0":{"loc":{"start":{"line":16,"column":4},"end":{"line":18,"column":5}},"type":"if","locations":[{"start":{"line":16,"column":4},"end":{"line":18,"column":5}},{"start":{},"end":{}}],"line":16},"1":{"loc":{"start":{"line":45,"column":4},"end":{"line":47,"column":5}},"type":"if","locations":[{"start":{"line":45,"column":4},"end":{"line":47,"column":5}},{"start":{},"end":{}}],"line":45},"2":{"loc":{"start":{"line":60,"column":4},"end":{"line":62,"column":5}},"type":"if","locations":[{"start":{"line":60,"column":4},"end":{"line":62,"column":5}},{"start":{},"end":{}}],"line":60},"3":{"loc":{"start":{"line":76,"column":4},"end":{"line":76,"column":39}},"type":"if","locations":[{"start":{"line":76,"column":4},"end":{"line":76,"column":39}},{"start":{},"end":{}}],"line":76},"4":{"loc":{"start":{"line":77,"column":4},"end":{"line":77,"column":39}},"type":"if","locations":[{"start":{"line":77,"column":4},"end":{"line":77,"column":39}},{"start":{},"end":{}}],"line":77}},"s":{"0":1,"1":3,"2":3,"3":3,"4":2,"5":1,"6":1,"7":1,"8":1,"9":1,"10":1,"11":2,"12":2,"13":2,"14":2,"15":1,"16":1,"17":0,"18":1,"19":2,"20":2,"21":2,"22":1,"23":1,"24":0,"25":1,"26":2,"27":2,"28":2,"29":2,"30":0,"31":2,"32":0,"33":2,"34":1,"35":1},"f":{"0":3,"1":2,"2":2,"3":2},"b":{"0":[1,1],"1":[1,1],"2":[1,1],"3":[0,2],"4":[0,2]},"inputSourceMap":null,"_coverageSchema":"1a1c01bbd47fc00a2c39e90264f33305004495a9","hash":"cabdc17599963f9dec9035b443b067537ccc14a2"}
,"C:\\Users\\youco\\Desktop\\TrackTruck\\backend\\controllers\\trailerController.js": {"path":"C:\\Users\\youco\\Desktop\\TrackTruck\\backend\\controllers\\trailerController.js","statementMap":{"0":{"start":{"line":3,"column":29},"end":{"line":24,"column":1}},"1":{"start":{"line":4,"column":2},"end":{"line":23,"column":3}},"2":{"start":{"line":5,"column":77},"end":{"line":5,"column":85}},"3":{"start":{"line":7,"column":20},"end":{"line":13,"column":6}},"4":{"start":{"line":15,"column":4},"end":{"line":15,"column":25}},"5":{"start":{"line":17,"column":4},"end":{"line":20,"column":7}},"6":{"start":{"line":22,"column":4},"end":{"line":22,"column":51}},"7":{"start":{"line":27,"column":29},"end":{"line":54,"column":1}},"8":{"start":{"line":28,"column":2},"end":{"line":53,"column":3}},"9":{"start":{"line":29,"column":77},"end":{"line":29,"column":85}},"10":{"start":{"line":31,"column":20},"end":{"line":41,"column":57}},"11":{"start":{"line":43,"column":4},"end":{"line":45,"column":5}},"12":{"start":{"line":44,"column":6},"end":{"line":44,"column":69}},"13":{"start":{"line":47,"column":4},"end":{"line":50,"column":7}},"14":{"start":{"line":52,"column":4},"end":{"line":52,"column":51}},"15":{"start":{"line":57,"column":29},"end":{"line":72,"column":1}},"16":{"start":{"line":58,"column":2},"end":{"line":71,"column":3}},"17":{"start":{"line":59,"column":20},"end":{"line":59,"column":66}},"18":{"start":{"line":61,"column":4},"end":{"line":63,"column":5}},"19":{"start":{"line":62,"column":6},"end":{"line":62,"column":69}},"20":{"start":{"line":65,"column":4},"end":{"line":68,"column":7}},"21":{"start":{"line":70,"column":4},"end":{"line":70,"column":51}},"22":{"start":{"line":75,"column":30},"end":{"line":94,"column":1}},"23":{"start":{"line":76,"column":2},"end":{"line":93,"column":3}},"24":{"start":{"line":77,"column":29},"end":{"line":77,"column":38}},"25":{"start":{"line":79,"column":19},"end":{"line":79,"column":21}},"26":{"start":{"line":80,"column":4},"end":{"line":80,"column":39}},"27":{"start":{"line":80,"column":16},"end":{"line":80,"column":39}},"28":{"start":{"line":81,"column":4},"end":{"line":81,"column":33}},"29":{"start":{"line":81,"column":14},"end":{"line":81,"column":33}},"30":{"start":{"line":83,"column":21},"end":{"line":85,"column":30}},"31":{"start":{"line":87,"column":4},"end":{"line":90,"column":7}},"32":{"start":{"line":92,"column":4},"end":{"line":92,"column":51}},"33":{"start":{"line":97,"column":30},"end":{"line":110,"column":1}},"34":{"start":{"line":98,"column":2},"end":{"line":109,"column":3}},"35":{"start":{"line":99,"column":20},"end":{"line":100,"column":58}},"36":{"start":{"line":102,"column":4},"end":{"line":104,"column":5}},"37":{"start":{"line":103,"column":6},"end":{"line":103,"column":69}},"38":{"start":{"line":106,"column":4},"end":{"line":106,"column":22}},"39":{"start":{"line":108,"column":4},"end":{"line":108,"column":51}}},"fnMap":{"0":{"name":"(anonymous_0)","decl":{"start":{"line":3,"column":29},"end":{"line":3,"column":30}},"loc":{"start":{"line":3,"column":49},"end":{"line":24,"column":1}},"line":3},"1":{"name":"(anonymous_1)","decl":{"start":{"line":27,"column":29},"end":{"line":27,"column":30}},"loc":{"start":{"line":27,"column":49},"end":{"line":54,"column":1}},"line":27},"2":{"name":"(anonymous_2)","decl":{"start":{"line":57,"column":29},"end":{"line":57,"column":30}},"loc":{"start":{"line":57,"column":49},"end":{"line":72,"column":1}},"line":57},"3":{"name":"(anonymous_3)","decl":{"start":{"line":75,"column":30},"end":{"line":75,"column":31}},"loc":{"start":{"line":75,"column":50},"end":{"line":94,"column":1}},"line":75},"4":{"name":"(anonymous_4)","decl":{"start":{"line":97,"column":30},"end":{"line":97,"column":31}},"loc":{"start":{"line":97,"column":50},"end":{"line":110,"column":1}},"line":97}},"branchMap":{"0":{"loc":{"start":{"line":43,"column":4},"end":{"line":45,"column":5}},"type":"if","locations":[{"start":{"line":43,"column":4},"end":{"line":45,"column":5}},{"start":{},"end":{}}],"line":43},"1":{"loc":{"start":{"line":61,"column":4},"end":{"line":63,"column":5}},"type":"if","locations":[{"start":{"line":61,"column":4},"end":{"line":63,"column":5}},{"start":{},"end":{}}],"line":61},"2":{"loc":{"start":{"line":80,"column":4},"end":{"line":80,"column":39}},"type":"if","locations":[{"start":{"line":80,"column":4},"end":{"line":80,"column":39}},{"start":{},"end":{}}],"line":80},"3":{"loc":{"start":{"line":81,"column":4},"end":{"line":81,"column":33}},"type":"if","locations":[{"start":{"line":81,"column":4},"end":{"line":81,"column":33}},{"start":{},"end":{}}],"line":81},"4":{"loc":{"start":{"line":102,"column":4},"end":{"line":104,"column":5}},"type":"if","locations":[{"start":{"line":102,"column":4},"end":{"line":104,"column":5}},{"start":{},"end":{}}],"line":102}},"s":{"0":1,"1":2,"2":2,"3":2,"4":2,"5":1,"6":1,"7":1,"8":2,"9":2,"10":2,"11":1,"12":1,"13":0,"14":1,"15":1,"16":2,"17":2,"18":2,"19":1,"20":1,"21":0,"22":1,"23":2,"24":2,"25":2,"26":2,"27":0,"28":2,"29":0,"30":2,"31":1,"32":1,"33":1,"34":2,"35":2,"36":2,"37":1,"38":1,"39":0},"f":{"0":2,"1":2,"2":2,"3":2,"4":2},"b":{"0":[1,0],"1":[1,1],"2":[0,2],"3":[0,2],"4":[1,1]},"inputSourceMap":null,"_coverageSchema":"1a1c01bbd47fc00a2c39e90264f33305004495a9","hash":"b982a007e4d657dfd7775e7f802fe7904dc2608b"}
,"C:\\Users\\youco\\Desktop\\TrackTruck\\backend\\controllers\\tripController.js": {"path":"C:\\Users\\youco\\Desktop\\TrackTruck\\backend\\controllers\\tripController.js","statementMap":{"0":{"start":{"line":5,"column":26},"end":{"line":47,"column":1}},"1":{"start":{"line":6,"column":4},"end":{"line":46,"column":5}},"2":{"start":{"line":15,"column":12},"end":{"line":15,"column":20}},"3":{"start":{"line":17,"column":23},"end":{"line":17,"column":53}},"4":{"start":{"line":18,"column":8},"end":{"line":20,"column":9}},"5":{"start":{"line":19,"column":12},"end":{"line":19,"column":73}},"6":{"start":{"line":22,"column":22},"end":{"line":22,"column":50}},"7":{"start":{"line":23,"column":8},"end":{"line":25,"column":9}},"8":{"start":{"line":24,"column":12},"end":{"line":24,"column":72}},"9":{"start":{"line":26,"column":21},"end":{"line":34,"column":10}},"10":{"start":{"line":35,"column":8},"end":{"line":35,"column":26}},"11":{"start":{"line":36,"column":30},"end":{"line":39,"column":57}},"12":{"start":{"line":40,"column":8},"end":{"line":43,"column":11}},"13":{"start":{"line":45,"column":8},"end":{"line":45,"column":55}},"14":{"start":{"line":49,"column":26},"end":{"line":69,"column":1}},"15":{"start":{"line":50,"column":4},"end":{"line":68,"column":5}},"16":{"start":{"line":51,"column":21},"end":{"line":58,"column":57}},"17":{"start":{"line":59,"column":8},"end":{"line":61,"column":9}},"18":{"start":{"line":60,"column":12},"end":{"line":60,"column":72}},"19":{"start":{"line":62,"column":8},"end":{"line":65,"column":11}},"20":{"start":{"line":67,"column":8},"end":{"line":67,"column":55}},"21":{"start":{"line":71,"column":26},"end":{"line":84,"column":1}},"22":{"start":{"line":72,"column":4},"end":{"line":83,"column":5}},"23":{"start":{"line":73,"column":21},"end":{"line":73,"column":64}},"24":{"start":{"line":74,"column":8},"end":{"line":76,"column":9}},"25":{"start":{"line":75,"column":12},"end":{"line":75,"column":72}},"26":{"start":{"line":77,"column":8},"end":{"line":80,"column":11}},"27":{"start":{"line":82,"column":8},"end":{"line":82,"column":55}},"28":{"start":{"line":86,"column":27},"end":{"line":110,"column":1}},"29":{"start":{"line":87,"column":4},"end":{"line":109,"column":5}},"30":{"start":{"line":88,"column":50},"end":{"line":88,"column":59}},"31":{"start":{"line":89,"column":23},"end":{"line":89,"column":25}},"32":{"start":{"line":90,"column":8},"end":{"line":90,"column":43}},"33":{"start":{"line":90,"column":20},"end":{"line":90,"column":43}},"34":{"start":{"line":91,"column":8},"end":{"line":91,"column":52}},"35":{"start":{"line":91,"column":23},"end":{"line":91,"column":52}},"36":{"start":{"line":92,"column":8},"end":{"line":97,"column":9}},"37":{"start":{"line":93,"column":30},"end":{"line":93,"column":50}},"38":{"start":{"line":94,"column":28},"end":{"line":94,"column":48}},"39":{"start":{"line":95,"column":12},"end":{"line":95,"column":51}},"40":{"start":{"line":96,"column":12},"end":{"line":96,"column":66}},"41":{"start":{"line":98,"column":22},"end":{"line":102,"column":37}},"42":{"start":{"line":103,"column":8},"end":{"line":106,"column":11}},"43":{"start":{"line":108,"column":8},"end":{"line":108,"column":55}},"44":{"start":{"line":112,"column":32},"end":{"line":145,"column":1}},"45":{"start":{"line":113,"column":4},"end":{"line":144,"column":5}},"46":{"start":{"line":114,"column":100},"end":{"line":114,"column":108}},"47":{"start":{"line":115,"column":21},"end":{"line":115,"column":55}},"48":{"start":{"line":116,"column":8},"end":{"line":118,"column":9}},"49":{"start":{"line":117,"column":12},"end":{"line":117,"column":72}},"50":{"start":{"line":120,"column":8},"end":{"line":122,"column":9}},"51":{"start":{"line":121,"column":12},"end":{"line":121,"column":73}},"52":{"start":{"line":124,"column":8},"end":{"line":124,"column":41}},"53":{"start":{"line":124,"column":20},"end":{"line":124,"column":41}},"54":{"start":{"line":125,"column":8},"end":{"line":125,"column":88}},"55":{"start":{"line":125,"column":45},"end":{"line":125,"column":88}},"56":{"start":{"line":126,"column":8},"end":{"line":126,"column":91}},"57":{"start":{"line":126,"column":46},"end":{"line":126,"column":91}},"58":{"start":{"line":127,"column":8},"end":{"line":127,"column":100}},"59":{"start":{"line":127,"column":49},"end":{"line":127,"column":100}},"60":{"start":{"line":128,"column":8},"end":{"line":128,"column":64}},"61":{"start":{"line":128,"column":37},"end":{"line":128,"column":64}},"62":{"start":{"line":130,"column":8},"end":{"line":132,"column":9}},"63":{"start":{"line":131,"column":12},"end":{"line":131,"column":86}},"64":{"start":{"line":133,"column":8},"end":{"line":133,"column":26}},"65":{"start":{"line":134,"column":28},"end":{"line":137,"column":57}},"66":{"start":{"line":138,"column":8},"end":{"line":141,"column":11}},"67":{"start":{"line":143,"column":8},"end":{"line":143,"column":55}},"68":{"start":{"line":147,"column":26},"end":{"line":160,"column":1}},"69":{"start":{"line":148,"column":4},"end":{"line":159,"column":5}},"70":{"start":{"line":149,"column":22},"end":{"line":152,"column":37}},"71":{"start":{"line":153,"column":8},"end":{"line":156,"column":11}},"72":{"start":{"line":158,"column":8},"end":{"line":158,"column":55}}},"fnMap":{"0":{"name":"(anonymous_0)","decl":{"start":{"line":5,"column":26},"end":{"line":5,"column":27}},"loc":{"start":{"line":5,"column":46},"end":{"line":47,"column":1}},"line":5},"1":{"name":"(anonymous_1)","decl":{"start":{"line":49,"column":26},"end":{"line":49,"column":27}},"loc":{"start":{"line":49,"column":46},"end":{"line":69,"column":1}},"line":49},"2":{"name":"(anonymous_2)","decl":{"start":{"line":71,"column":26},"end":{"line":71,"column":27}},"loc":{"start":{"line":71,"column":46},"end":{"line":84,"column":1}},"line":71},"3":{"name":"(anonymous_3)","decl":{"start":{"line":86,"column":27},"end":{"line":86,"column":28}},"loc":{"start":{"line":86,"column":47},"end":{"line":110,"column":1}},"line":86},"4":{"name":"(anonymous_4)","decl":{"start":{"line":112,"column":32},"end":{"line":112,"column":33}},"loc":{"start":{"line":112,"column":52},"end":{"line":145,"column":1}},"line":112},"5":{"name":"(anonymous_5)","decl":{"start":{"line":147,"column":26},"end":{"line":147,"column":27}},"loc":{"start":{"line":147,"column":46},"end":{"line":160,"column":1}},"line":147}},"branchMap":{"0":{"loc":{"start":{"line":18,"column":8},"end":{"line":20,"column":9}},"type":"if","locations":[{"start":{"line":18,"column":8},"end":{"line":20,"column":9}},{"start":{},"end":{}}],"line":18},"1":{"loc":{"start":{"line":18,"column":12},"end":{"line":18,"column":47}},"type":"binary-expr","locations":[{"start":{"line":18,"column":12},"end":{"line":18,"column":19}},{"start":{"line":18,"column":23},"end":{"line":18,"column":47}}],"line":18},"2":{"loc":{"start":{"line":23,"column":8},"end":{"line":25,"column":9}},"type":"if","locations":[{"start":{"line":23,"column":8},"end":{"line":25,"column":9}},{"start":{},"end":{}}],"line":23},"3":{"loc":{"start":{"line":59,"column":8},"end":{"line":61,"column":9}},"type":"if","locations":[{"start":{"line":59,"column":8},"end":{"line":61,"column":9}},{"start":{},"end":{}}],"line":59},"4":{"loc":{"start":{"line":74,"column":8},"end":{"line":76,"column":9}},"type":"if","locations":[{"start":{"line":74,"column":8},"end":{"line":76,"column":9}},{"start":{},"end":{}}],"line":74},"5":{"loc":{"start":{"line":90,"column":8},"end":{"line":90,"column":43}},"type":"if","locations":[{"start":{"line":90,"column":8},"end":{"line":90,"column":43}},{"start":{},"end":{}}],"line":90},"6":{"loc":{"start":{"line":91,"column":8},"end":{"line":91,"column":52}},"type":"if","locations":[{"start":{"line":91,"column":8},"end":{"line":91,"column":52}},{"start":{},"end":{}}],"line":91},"7":{"loc":{"start":{"line":92,"column":8},"end":{"line":97,"column":9}},"type":"if","locations":[{"start":{"line":92,"column":8},"end":{"line":97,"column":9}},{"start":{},"end":{}}],"line":92},"8":{"loc":{"start":{"line":116,"column":8},"end":{"line":118,"column":9}},"type":"if","locations":[{"start":{"line":116,"column":8},"end":{"line":118,"column":9}},{"start":{},"end":{}}],"line":116},"9":{"loc":{"start":{"line":120,"column":8},"end":{"line":122,"column":9}},"type":"if","locations":[{"start":{"line":120,"column":8},"end":{"line":122,"column":9}},{"start":{},"end":{}}],"line":120},"10":{"loc":{"start":{"line":120,"column":12},"end":{"line":120,"column":83}},"type":"binary-expr","locations":[{"start":{"line":120,"column":12},"end":{"line":120,"column":38}},{"start":{"line":120,"column":42},"end":{"line":120,"column":83}}],"line":120},"11":{"loc":{"start":{"line":124,"column":8},"end":{"line":124,"column":41}},"type":"if","locations":[{"start":{"line":124,"column":8},"end":{"line":124,"column":41}},{"start":{},"end":{}}],"line":124},"12":{"loc":{"start":{"line":125,"column":8},"end":{"line":125,"column":88}},"type":"if","locations":[{"start":{"line":125,"column":8},"end":{"line":125,"column":88}},{"start":{},"end":{}}],"line":125},"13":{"loc":{"start":{"line":126,"column":8},"end":{"line":126,"column":91}},"type":"if","locations":[{"start":{"line":126,"column":8},"end":{"line":126,"column":91}},{"start":{},"end":{}}],"line":126},"14":{"loc":{"start":{"line":127,"column":8},"end":{"line":127,"column":100}},"type":"if","locations":[{"start":{"line":127,"column":8},"end":{"line":127,"column":100}},{"start":{},"end":{}}],"line":127},"15":{"loc":{"start":{"line":128,"column":8},"end":{"line":128,"column":64}},"type":"if","locations":[{"start":{"line":128,"column":8},"end":{"line":128,"column":64}},{"start":{},"end":{}}],"line":128},"16":{"loc":{"start":{"line":130,"column":8},"end":{"line":132,"column":9}},"type":"if","locations":[{"start":{"line":130,"column":8},"end":{"line":132,"column":9}},{"start":{},"end":{}}],"line":130},"17":{"loc":{"start":{"line":130,"column":12},"end":{"line":130,"column":61}},"type":"binary-expr","locations":[{"start":{"line":130,"column":12},"end":{"line":130,"column":34}},{"start":{"line":130,"column":38},"end":{"line":130,"column":61}}],"line":130}},"s":{"0":1,"1":4,"2":4,"3":4,"4":3,"5":1,"6":2,"7":2,"8":1,"9":1,"10":1,"11":1,"12":1,"13":1,"14":1,"15":2,"16":2,"17":2,"18":1,"19":1,"20":0,"21":1,"22":2,"23":2,"24":2,"25":1,"26":1,"27":0,"28":1,"29":3,"30":3,"31":3,"32":3,"33":1,"34":3,"35":0,"36":3,"37":0,"38":0,"39":0,"40":0,"41":3,"42":2,"43":1,"44":1,"45":2,"46":2,"47":2,"48":2,"49":1,"50":1,"51":0,"52":1,"53":1,"54":1,"55":0,"56":1,"57":0,"58":1,"59":0,"60":1,"61":0,"62":1,"63":0,"64":1,"65":1,"66":0,"67":1,"68":1,"69":1,"70":1,"71":0,"72":1},"f":{"0":4,"1":2,"2":2,"3":3,"4":2,"5":1},"b":{"0":[1,2],"1":[3,2],"2":[1,1],"3":[1,1],"4":[1,1],"5":[1,2],"6":[0,3],"7":[0,3],"8":[1,1],"9":[0,1],"10":[1,0],"11":[1,0],"12":[0,1],"13":[0,1],"14":[0,1],"15":[0,1],"16":[0,1],"17":[1,0]},"inputSourceMap":null,"_coverageSchema":"1a1c01bbd47fc00a2c39e90264f33305004495a9","hash":"a01fb4ee14a6b3185043da38fe6662280852489b"}
,"C:\\Users\\youco\\Desktop\\TrackTruck\\backend\\controllers\\truckController.js": {"path":"C:\\Users\\youco\\Desktop\\TrackTruck\\backend\\controllers\\truckController.js","statementMap":{"0":{"start":{"line":3,"column":27},"end":{"line":25,"column":1}},"1":{"start":{"line":4,"column":2},"end":{"line":24,"column":3}},"2":{"start":{"line":5,"column":80},"end":{"line":5,"column":88}},"3":{"start":{"line":7,"column":18},"end":{"line":14,"column":6}},"4":{"start":{"line":16,"column":4},"end":{"line":16,"column":23}},"5":{"start":{"line":18,"column":4},"end":{"line":21,"column":7}},"6":{"start":{"line":23,"column":4},"end":{"line":23,"column":51}},"7":{"start":{"line":27,"column":27},"end":{"line":52,"column":1}},"8":{"start":{"line":28,"column":2},"end":{"line":51,"column":3}},"9":{"start":{"line":29,"column":80},"end":{"line":29,"column":88}},"10":{"start":{"line":30,"column":18},"end":{"line":41,"column":5}},"11":{"start":{"line":42,"column":4},"end":{"line":44,"column":5}},"12":{"start":{"line":43,"column":6},"end":{"line":43,"column":66}},"13":{"start":{"line":45,"column":4},"end":{"line":48,"column":7}},"14":{"start":{"line":50,"column":4},"end":{"line":50,"column":51}},"15":{"start":{"line":54,"column":27},"end":{"line":67,"column":1}},"16":{"start":{"line":55,"column":2},"end":{"line":66,"column":3}},"17":{"start":{"line":56,"column":18},"end":{"line":56,"column":62}},"18":{"start":{"line":57,"column":4},"end":{"line":59,"column":5}},"19":{"start":{"line":58,"column":6},"end":{"line":58,"column":66}},"20":{"start":{"line":60,"column":4},"end":{"line":63,"column":7}},"21":{"start":{"line":65,"column":4},"end":{"line":65,"column":51}},"22":{"start":{"line":69,"column":28},"end":{"line":83,"column":1}},"23":{"start":{"line":70,"column":2},"end":{"line":82,"column":3}},"24":{"start":{"line":71,"column":23},"end":{"line":71,"column":32}},"25":{"start":{"line":73,"column":19},"end":{"line":73,"column":21}},"26":{"start":{"line":74,"column":4},"end":{"line":74,"column":39}},"27":{"start":{"line":74,"column":16},"end":{"line":74,"column":39}},"28":{"start":{"line":75,"column":19},"end":{"line":75,"column":67}},"29":{"start":{"line":76,"column":4},"end":{"line":79,"column":7}},"30":{"start":{"line":81,"column":4},"end":{"line":81,"column":51}},"31":{"start":{"line":85,"column":28},"end":{"line":95,"column":1}},"32":{"start":{"line":86,"column":2},"end":{"line":94,"column":3}},"33":{"start":{"line":87,"column":18},"end":{"line":87,"column":53}},"34":{"start":{"line":88,"column":4},"end":{"line":90,"column":5}},"35":{"start":{"line":89,"column":6},"end":{"line":89,"column":66}},"36":{"start":{"line":91,"column":4},"end":{"line":91,"column":20}},"37":{"start":{"line":93,"column":4},"end":{"line":93,"column":51}}},"fnMap":{"0":{"name":"(anonymous_0)","decl":{"start":{"line":3,"column":27},"end":{"line":3,"column":28}},"loc":{"start":{"line":3,"column":47},"end":{"line":25,"column":1}},"line":3},"1":{"name":"(anonymous_1)","decl":{"start":{"line":27,"column":27},"end":{"line":27,"column":28}},"loc":{"start":{"line":27,"column":47},"end":{"line":52,"column":1}},"line":27},"2":{"name":"(anonymous_2)","decl":{"start":{"line":54,"column":27},"end":{"line":54,"column":28}},"loc":{"start":{"line":54,"column":47},"end":{"line":67,"column":1}},"line":54},"3":{"name":"(anonymous_3)","decl":{"start":{"line":69,"column":28},"end":{"line":69,"column":29}},"loc":{"start":{"line":69,"column":48},"end":{"line":83,"column":1}},"line":69},"4":{"name":"(anonymous_4)","decl":{"start":{"line":85,"column":28},"end":{"line":85,"column":29}},"loc":{"start":{"line":85,"column":48},"end":{"line":95,"column":1}},"line":85}},"branchMap":{"0":{"loc":{"start":{"line":13,"column":24},"end":{"line":13,"column":55}},"type":"binary-expr","locations":[{"start":{"line":13,"column":24},"end":{"line":13,"column":49}},{"start":{"line":13,"column":53},"end":{"line":13,"column":55}}],"line":13},"1":{"loc":{"start":{"line":42,"column":4},"end":{"line":44,"column":5}},"type":"if","locations":[{"start":{"line":42,"column":4},"end":{"line":44,"column":5}},{"start":{},"end":{}}],"line":42},"2":{"loc":{"start":{"line":57,"column":4},"end":{"line":59,"column":5}},"type":"if","locations":[{"start":{"line":57,"column":4},"end":{"line":59,"column":5}},{"start":{},"end":{}}],"line":57},"3":{"loc":{"start":{"line":74,"column":4},"end":{"line":74,"column":39}},"type":"if","locations":[{"start":{"line":74,"column":4},"end":{"line":74,"column":39}},{"start":{},"end":{}}],"line":74},"4":{"loc":{"start":{"line":88,"column":4},"end":{"line":90,"column":5}},"type":"if","locations":[{"start":{"line":88,"column":4},"end":{"line":90,"column":5}},{"start":{},"end":{}}],"line":88}},"s":{"0":1,"1":2,"2":2,"3":2,"4":2,"5":1,"6":1,"7":1,"8":2,"9":2,"10":2,"11":2,"12":1,"13":1,"14":0,"15":1,"16":2,"17":2,"18":2,"19":1,"20":1,"21":0,"22":1,"23":2,"24":2,"25":2,"26":2,"27":0,"28":2,"29":1,"30":1,"31":1,"32":2,"33":2,"34":2,"35":1,"36":1,"37":0},"f":{"0":2,"1":2,"2":2,"3":2,"4":2},"b":{"0":[2,1],"1":[1,1],"2":[1,1],"3":[0,2],"4":[1,1]},"inputSourceMap":null,"_coverageSchema":"1a1c01bbd47fc00a2c39e90264f33305004495a9","hash":"5d6253d228c55d19488a4342c4c72355af8af657"}
}
