TN:
SF:controllers\authController.js
FN:5,(anonymous_0)
FN:11,(anonymous_1)
FN:48,(anonymous_2)
FN:80,(anonymous_3)
FNF:4
FNH:4
FNDA:2,(anonymous_0)
FNDA:3,(anonymous_1)
FNDA:3,(anonymous_2)
FNDA:2,(anonymous_3)
DA:5,1
DA:6,2
DA:11,1
DA:12,3
DA:13,3
DA:15,3
DA:16,2
DA:17,1
DA:20,1
DA:22,1
DA:29,1
DA:31,1
DA:33,1
DA:44,1
DA:48,1
DA:49,3
DA:50,3
DA:52,3
DA:53,2
DA:54,1
DA:57,1
DA:58,1
DA:59,0
DA:62,1
DA:64,1
DA:75,1
DA:80,1
DA:81,2
DA:82,2
DA:83,1
DA:88,1
LF:31
LH:30
BRDA:16,0,0,1
BRDA:16,0,1,1
BRDA:25,1,0,1
BRDA:25,1,1,1
BRDA:53,2,0,1
BRDA:53,2,1,1
BRDA:58,3,0,0
BRDA:58,3,1,1
BRF:8
BRH:7
end_of_record
TN:
SF:controllers\tireController.js
FN:4,(anonymous_0)
FN:37,(anonymous_1)
FN:57,(anonymous_2)
FN:72,(anonymous_3)
FNF:4
FNH:4
FNDA:3,(anonymous_0)
FNDA:2,(anonymous_1)
FNDA:2,(anonymous_2)
FNDA:2,(anonymous_3)
DA:4,1
DA:5,3
DA:13,3
DA:15,3
DA:16,2
DA:17,1
DA:19,1
DA:27,1
DA:28,1
DA:33,1
DA:37,1
DA:38,2
DA:39,2
DA:40,2
DA:45,2
DA:46,1
DA:48,1
DA:53,0
DA:57,1
DA:58,2
DA:59,2
DA:60,2
DA:61,1
DA:63,1
DA:68,0
DA:72,1
DA:73,2
DA:74,2
DA:75,2
DA:76,2
DA:77,2
DA:78,2
DA:81,1
DA:86,1
LF:34
LH:32
BRDA:16,0,0,1
BRDA:16,0,1,1
BRDA:45,1,0,1
BRDA:45,1,1,1
BRDA:60,2,0,1
BRDA:60,2,1,1
BRDA:76,3,0,0
BRDA:76,3,1,2
BRDA:77,4,0,0
BRDA:77,4,1,2
BRF:10
BRH:8
end_of_record
TN:
SF:controllers\trailerController.js
FN:3,(anonymous_0)
FN:27,(anonymous_1)
FN:57,(anonymous_2)
FN:75,(anonymous_3)
FN:97,(anonymous_4)
FNF:5
FNH:5
FNDA:2,(anonymous_0)
FNDA:2,(anonymous_1)
FNDA:2,(anonymous_2)
FNDA:2,(anonymous_3)
FNDA:2,(anonymous_4)
DA:3,1
DA:4,2
DA:5,2
DA:7,2
DA:15,2
DA:17,1
DA:22,1
DA:27,1
DA:28,2
DA:29,2
DA:31,2
DA:43,1
DA:44,1
DA:47,0
DA:52,1
DA:57,1
DA:58,2
DA:59,2
DA:61,2
DA:62,1
DA:65,1
DA:70,0
DA:75,1
DA:76,2
DA:77,2
DA:79,2
DA:80,2
DA:81,2
DA:83,2
DA:87,1
DA:92,1
DA:97,1
DA:98,2
DA:99,2
DA:102,2
DA:103,1
DA:106,1
DA:108,0
LF:38
LH:35
BRDA:43,0,0,1
BRDA:43,0,1,0
BRDA:61,1,0,1
BRDA:61,1,1,1
BRDA:80,2,0,0
BRDA:80,2,1,2
BRDA:81,3,0,0
BRDA:81,3,1,2
BRDA:102,4,0,1
BRDA:102,4,1,1
BRF:10
BRH:7
end_of_record
TN:
SF:controllers\tripController.js
FN:6,(anonymous_0)
FN:50,(anonymous_1)
FN:72,(anonymous_2)
FN:87,(anonymous_3)
FN:113,(anonymous_4)
FN:148,(anonymous_5)
FN:163,(anonymous_6)
FNF:7
FNH:6
FNDA:4,(anonymous_0)
FNDA:2,(anonymous_1)
FNDA:2,(anonymous_2)
FNDA:3,(anonymous_3)
FNDA:2,(anonymous_4)
FNDA:1,(anonymous_5)
FNDA:0,(anonymous_6)
DA:6,1
DA:7,4
DA:16,4
DA:18,4
DA:19,3
DA:20,1
DA:23,2
DA:24,2
DA:25,1
DA:27,1
DA:36,1
DA:37,1
DA:41,1
DA:46,1
DA:50,1
DA:51,2
DA:52,2
DA:60,2
DA:61,1
DA:63,1
DA:68,0
DA:72,1
DA:73,2
DA:74,2
DA:75,2
DA:76,1
DA:78,1
DA:83,0
DA:87,1
DA:88,3
DA:89,3
DA:90,3
DA:91,3
DA:92,3
DA:93,3
DA:94,0
DA:95,0
DA:96,0
DA:97,0
DA:99,3
DA:104,2
DA:109,1
DA:113,1
DA:114,2
DA:115,2
DA:116,2
DA:117,2
DA:118,1
DA:121,1
DA:122,0
DA:125,1
DA:126,1
DA:127,1
DA:128,1
DA:129,1
DA:131,1
DA:132,0
DA:134,1
DA:135,1
DA:139,0
DA:144,1
DA:148,1
DA:149,1
DA:150,1
DA:154,0
DA:159,1
DA:163,1
DA:164,0
DA:165,0
DA:170,0
DA:171,0
DA:174,0
DA:175,0
DA:178,0
DA:180,0
DA:181,0
DA:182,0
DA:184,0
LF:78
LH:57
BRDA:19,0,0,1
BRDA:19,0,1,2
BRDA:19,1,0,3
BRDA:19,1,1,2
BRDA:24,2,0,1
BRDA:24,2,1,1
BRDA:60,3,0,1
BRDA:60,3,1,1
BRDA:75,4,0,1
BRDA:75,4,1,1
BRDA:91,5,0,1
BRDA:91,5,1,2
BRDA:92,6,0,0
BRDA:92,6,1,3
BRDA:93,7,0,0
BRDA:93,7,1,3
BRDA:117,8,0,1
BRDA:117,8,1,1
BRDA:121,9,0,0
BRDA:121,9,1,1
BRDA:121,10,0,1
BRDA:121,10,1,0
BRDA:125,11,0,1
BRDA:125,11,1,0
BRDA:126,12,0,0
BRDA:126,12,1,1
BRDA:127,13,0,0
BRDA:127,13,1,1
BRDA:128,14,0,0
BRDA:128,14,1,1
BRDA:129,15,0,0
BRDA:129,15,1,1
BRDA:131,16,0,0
BRDA:131,16,1,1
BRDA:131,17,0,1
BRDA:131,17,1,0
BRDA:170,18,0,0
BRDA:170,18,1,0
BRDA:174,19,0,0
BRDA:174,19,1,0
BRDA:174,20,0,0
BRDA:174,20,1,0
BRF:42
BRH:25
end_of_record
TN:
SF:controllers\truckController.js
FN:3,(anonymous_0)
FN:27,(anonymous_1)
FN:54,(anonymous_2)
FN:69,(anonymous_3)
FN:85,(anonymous_4)
FNF:5
FNH:5
FNDA:2,(anonymous_0)
FNDA:2,(anonymous_1)
FNDA:2,(anonymous_2)
FNDA:2,(anonymous_3)
FNDA:2,(anonymous_4)
DA:3,1
DA:4,2
DA:5,2
DA:7,2
DA:16,2
DA:18,1
DA:23,1
DA:27,1
DA:28,2
DA:29,2
DA:30,2
DA:42,2
DA:43,1
DA:45,1
DA:50,0
DA:54,1
DA:55,2
DA:56,2
DA:57,2
DA:58,1
DA:60,1
DA:65,0
DA:69,1
DA:70,2
DA:71,2
DA:73,2
DA:74,2
DA:75,2
DA:76,1
DA:81,1
DA:85,1
DA:86,2
DA:87,2
DA:88,2
DA:89,1
DA:91,1
DA:93,0
LF:37
LH:34
BRDA:13,0,0,2
BRDA:13,0,1,1
BRDA:42,1,0,1
BRDA:42,1,1,1
BRDA:57,2,0,1
BRDA:57,2,1,1
BRDA:74,3,0,0
BRDA:74,3,1,2
BRDA:88,4,0,1
BRDA:88,4,1,1
BRF:10
BRH:9
end_of_record
